TN:
SF:src\services\rootReducer.ts
FNF:0
FNH:0
DA:1,1
DA:2,1
DA:3,1
DA:4,1
DA:5,1
DA:6,1
DA:7,1
DA:8,1
DA:9,1
DA:10,1
DA:11,1
DA:12,1
DA:13,1
DA:14,1
DA:15,1
DA:16,1
LF:16
LH:16
BRF:0
BRH:0
end_of_record
TN:
SF:src\services\store.ts
FN:20,useDispatch
FNF:1
FNH:0
FNDA:0,useDispatch
DA:1,1
DA:2,1
DA:3,1
DA:4,1
DA:5,1
DA:6,1
DA:7,1
DA:8,1
DA:9,1
DA:10,1
DA:11,1
DA:12,1
DA:13,1
DA:14,1
DA:15,1
DA:16,1
DA:17,1
DA:18,1
DA:19,1
DA:20,1
DA:21,1
DA:22,1
DA:23,1
LF:23
LH:23
BRF:0
BRH:0
end_of_record
TN:
SF:src\services\slices\burgerConstructorSlice.ts
FN:19,prepare
FN:26,reducer
FN:36,removeConstructorItem
FN:41,moveConstructorItem
FN:59,clearConstructor
FN:62,getBurgerConstructorSelector
FN:63,getIngredientsQuantitySelector
FNF:7
FNH:4
FNDA:2,prepare
FNDA:2,reducer
FNDA:1,removeConstructorItem
FNDA:2,moveConstructorItem
FNDA:0,clearConstructor
FNDA:0,getBurgerConstructorSelector
FNDA:0,getIngredientsQuantitySelector
DA:1,1
DA:2,1
DA:3,1
DA:4,1
DA:5,1
DA:6,1
DA:7,1
DA:8,1
DA:9,1
DA:10,1
DA:11,1
DA:12,1
DA:13,1
DA:14,1
DA:15,1
DA:16,1
DA:17,1
DA:18,1
DA:19,1
DA:20,2
DA:21,2
DA:22,2
DA:23,2
DA:24,2
DA:25,1
DA:26,1
DA:27,2
DA:28,2
DA:29,2
DA:30,1
DA:31,1
DA:32,1
DA:33,1
DA:34,2
DA:35,1
DA:36,1
DA:37,1
DA:38,1
DA:39,1
DA:40,1
DA:41,1
DA:42,2
DA:43,2
DA:44,2
DA:45,2
DA:46,2
DA:47,2
DA:48,1
DA:49,1
DA:50,1
DA:51,1
DA:52,1
DA:53,1
DA:54,1
DA:55,1
DA:56,1
DA:57,1
DA:58,1
DA:59,1
DA:60,1
DA:61,1
DA:62,1
DA:63,1
DA:64,0
DA:65,0
DA:66,0
DA:67,0
DA:68,0
DA:69,0
DA:70,0
DA:71,0
DA:72,0
DA:73,0
DA:74,0
DA:75,0
DA:76,1
DA:77,1
DA:78,1
DA:79,1
DA:80,1
DA:81,1
DA:82,1
DA:83,1
DA:84,1
DA:85,1
DA:86,1
DA:87,1
LF:87
LH:75
BRDA:19,0,0,2
BRDA:26,1,0,2
BRDA:29,2,0,1
BRDA:36,3,0,1
BRDA:38,4,0,1
BRDA:41,5,0,2
BRDA:47,6,0,1
BRDA:47,7,0,1
BRF:8
BRH:8
end_of_record
TN:
SF:src\services\slices\feedsSlice.ts
FN:24,getFeedsState
FN:26,extraReducers
FNF:2
FNH:1
FNDA:0,getFeedsState
FNDA:2,extraReducers
DA:1,1
DA:2,1
DA:3,1
DA:4,1
DA:5,1
DA:6,1
DA:7,1
DA:8,1
DA:9,1
DA:10,1
DA:11,1
DA:12,1
DA:13,1
DA:14,1
DA:15,1
DA:16,1
DA:17,1
DA:18,1
DA:19,1
DA:20,1
DA:21,1
DA:22,1
DA:23,1
DA:24,1
DA:25,1
DA:26,1
DA:27,2
DA:28,2
DA:29,1
DA:30,2
DA:31,2
DA:32,1
DA:33,1
DA:34,1
DA:35,2
DA:36,2
DA:37,1
DA:38,1
DA:39,1
DA:40,1
LF:40
LH:40
BRDA:26,0,0,2
BRDA:28,1,0,1
BRDA:31,2,0,1
BRF:3
BRH:3
end_of_record
TN:
SF:src\services\slices\ingredientsSlice.ts
FN:33,getIngredientsSelector
FN:35,extraReducers
FNF:2
FNH:1
FNDA:0,getIngredientsSelector
FNDA:2,extraReducers
DA:1,1
DA:2,1
DA:3,1
DA:4,1
DA:5,1
DA:6,1
DA:7,1
DA:8,1
DA:9,1
DA:10,1
DA:11,1
DA:12,1
DA:13,1
DA:14,1
DA:15,1
DA:16,1
DA:17,1
DA:18,1
DA:19,1
DA:20,1
DA:21,1
DA:22,1
DA:23,1
DA:24,1
DA:25,1
DA:26,1
DA:27,1
DA:28,1
DA:29,1
DA:30,1
DA:31,1
DA:32,1
DA:33,1
DA:34,1
DA:35,1
DA:36,2
DA:37,2
DA:38,1
DA:39,1
DA:40,2
DA:41,2
DA:42,1
DA:43,1
DA:44,2
DA:45,2
DA:46,1
DA:47,1
DA:48,1
DA:49,1
DA:50,1
DA:51,1
DA:52,1
DA:53,1
DA:54,1
DA:55,1
DA:56,1
DA:57,1
DA:58,1
DA:59,1
DA:60,2
DA:61,2
DA:62,1
DA:63,1
DA:64,1
DA:65,1
LF:65
LH:65
BRDA:35,0,0,2
BRDA:37,1,0,1
BRDA:41,2,0,1
BRDA:43,3,0,0
BRDA:45,4,0,1
BRDA:51,5,0,4
BRDA:54,6,0,4
BRDA:57,7,0,4
BRF:8
BRH:7
end_of_record
TN:
SF:src\services\slices\newOrderSlice.ts
FN:29,clearOrder
FN:32,getNewOrderState
FN:34,extraReducers
FNF:3
FNH:1
FNDA:0,clearOrder
FNDA:0,getNewOrderState
FNDA:2,extraReducers
DA:1,1
DA:2,1
DA:3,1
DA:4,1
DA:5,1
DA:6,1
DA:7,1
DA:8,0
DA:9,0
DA:10,0
DA:11,1
DA:12,1
DA:13,1
DA:14,1
DA:15,1
DA:16,1
DA:17,1
DA:18,1
DA:19,1
DA:20,1
DA:21,1
DA:22,1
DA:23,1
DA:24,1
DA:25,1
DA:26,1
DA:27,1
DA:28,1
DA:29,1
DA:30,1
DA:31,1
DA:32,1
DA:33,1
DA:34,1
DA:35,2
DA:36,2
DA:37,1
DA:38,2
DA:39,2
DA:40,1
DA:41,2
DA:42,2
DA:43,1
DA:44,1
DA:45,1
DA:46,2
DA:47,2
DA:48,1
DA:49,1
DA:50,1
DA:51,1
DA:52,1
LF:52
LH:49
BRDA:34,0,0,2
BRDA:36,1,0,1
BRDA:39,2,0,1
BRDA:42,3,0,1
BRF:4
BRH:4
end_of_record
TN:
SF:src\services\slices\ordersSlice.ts
FN:20,getOrdersState
FN:22,extraReducers
FNF:2
FNH:1
FNDA:0,getOrdersState
FNDA:2,extraReducers
DA:1,1
DA:2,1
DA:3,1
DA:4,1
DA:5,1
DA:6,1
DA:7,1
DA:8,1
DA:9,1
DA:10,1
DA:11,1
DA:12,1
DA:13,1
DA:14,1
DA:15,1
DA:16,1
DA:17,1
DA:18,1
DA:19,1
DA:20,1
DA:21,1
DA:22,1
DA:23,2
DA:24,2
DA:25,2
DA:26,0
DA:27,2
DA:28,2
DA:29,1
DA:30,2
DA:31,2
DA:32,1
DA:33,1
DA:34,1
DA:35,1
LF:35
LH:34
BRDA:22,0,0,2
BRDA:28,1,0,1
BRF:2
BRH:2
end_of_record
TN:
SF:src\services\slices\userSlice.ts
FN:51,setUser
FN:54,authCheck
FN:59,getUserState
FN:61,extraReducers
FNF:4
FNH:1
FNDA:0,setUser
FNDA:0,authCheck
FNDA:0,getUserState
FNDA:2,extraReducers
DA:1,1
DA:2,1
DA:3,1
DA:4,1
DA:5,1
DA:6,1
DA:7,1
DA:8,1
DA:9,1
DA:10,1
DA:11,1
DA:12,1
DA:13,1
DA:14,1
DA:15,1
DA:16,1
DA:17,1
DA:18,1
DA:19,1
DA:20,1
DA:21,0
DA:22,0
DA:23,0
DA:24,0
DA:25,0
DA:26,0
DA:27,0
DA:28,0
DA:29,0
DA:30,0
DA:31,0
DA:32,0
DA:33,1
DA:34,1
DA:35,1
DA:36,1
DA:37,1
DA:38,1
DA:39,1
DA:40,1
DA:41,1
DA:42,1
DA:43,1
DA:44,1
DA:45,1
DA:46,1
DA:47,1
DA:48,1
DA:49,1
DA:50,1
DA:51,1
DA:52,0
DA:53,1
DA:54,1
DA:55,0
DA:56,0
DA:57,1
DA:58,1
DA:59,1
DA:60,1
DA:61,1
DA:62,2
DA:63,2
DA:64,2
DA:65,1
DA:66,2
DA:67,2
DA:68,1
DA:69,1
DA:70,2
DA:71,2
DA:72,2
DA:73,1
DA:74,2
DA:75,2
DA:76,1
DA:77,1
DA:78,2
DA:79,2
DA:80,2
DA:81,2
DA:82,2
DA:83,1
DA:84,2
DA:85,2
DA:86,2
DA:87,2
DA:88,1
DA:89,1
DA:90,2
DA:91,2
DA:92,1
DA:93,1
DA:94,2
DA:95,2
DA:96,2
DA:97,2
DA:98,1
DA:99,2
DA:100,2
DA:101,1
DA:102,1
DA:103,1
DA:104,2
DA:105,2
DA:106,1
DA:107,1
DA:108,1
DA:109,1
DA:110,1
LF:110
LH:95
BRDA:61,0,0,2
BRDA:64,1,0,1
BRDA:67,2,0,1
BRDA:72,3,0,1
BRDA:75,4,0,1
BRDA:82,5,0,1
BRDA:87,6,0,1
BRDA:91,7,0,1
BRDA:97,8,0,1
BRDA:100,9,0,1
BRF:10
BRH:10
end_of_record
TN:
SF:src\utils\burger-api.ts
FN:6,checkResponse
FN:18,refreshToken
FN:38,fetchWithRefresh
FN:70,getIngredientsApi
FN:78,getFeedsApi
FN:86,getOrdersApi
FN:103,orderBurgerApi
FN:122,getOrderByNumberApi
FN:142,registerUserApi
FN:165,loginUserApi
FN:183,forgotPasswordApi
FN:197,resetPasswordApi
FN:213,getUserApi
FN:220,updateUserApi
FN:230,logoutApi
FNF:15
FNH:0
FNDA:0,checkResponse
FNDA:0,refreshToken
FNDA:0,fetchWithRefresh
FNDA:0,getIngredientsApi
FNDA:0,getFeedsApi
FNDA:0,getOrdersApi
FNDA:0,orderBurgerApi
FNDA:0,getOrderByNumberApi
FNDA:0,registerUserApi
FNDA:0,loginUserApi
FNDA:0,forgotPasswordApi
FNDA:0,resetPasswordApi
FNDA:0,getUserApi
FNDA:0,updateUserApi
FNDA:0,logoutApi
DA:1,1
DA:2,1
DA:3,1
DA:4,1
DA:5,1
DA:6,1
DA:7,0
DA:8,1
DA:9,1
DA:10,1
DA:11,1
DA:12,1
DA:13,1
DA:14,1
DA:15,1
DA:16,1
DA:17,1
DA:18,1
DA:19,0
DA:20,0
DA:21,0
DA:22,0
DA:23,0
DA:24,0
DA:25,0
DA:26,0
DA:27,0
DA:28,0
DA:29,0
DA:30,0
DA:31,0
DA:32,0
DA:33,0
DA:34,0
DA:35,0
DA:36,0
DA:37,1
DA:38,1
DA:39,0
DA:40,0
DA:41,0
DA:42,0
DA:43,0
DA:44,0
DA:45,0
DA:46,0
DA:47,0
DA:48,0
DA:49,0
DA:50,0
DA:51,0
DA:52,0
DA:53,0
DA:54,0
DA:55,0
DA:56,0
DA:57,0
DA:58,0
DA:59,1
DA:60,1
DA:61,1
DA:62,1
DA:63,1
DA:64,1
DA:65,1
DA:66,1
DA:67,1
DA:68,1
DA:69,1
DA:70,1
DA:71,0
DA:72,0
DA:73,0
DA:74,0
DA:75,0
DA:76,0
DA:77,1
DA:78,1
DA:79,0
DA:80,0
DA:81,0
DA:82,0
DA:83,0
DA:84,0
DA:85,1
DA:86,1
DA:87,0
DA:88,0
DA:89,0
DA:90,0
DA:91,0
DA:92,0
DA:93,0
DA:94,0
DA:95,0
DA:96,0
DA:97,1
DA:98,1
DA:99,1
DA:100,1
DA:101,1
DA:102,1
DA:103,1
DA:104,0
DA:105,0
DA:106,0
DA:107,0
DA:108,0
DA:109,0
DA:110,0
DA:111,0
DA:112,0
DA:113,0
DA:114,0
DA:115,0
DA:116,0
DA:117,1
DA:118,1
DA:119,1
DA:120,1
DA:121,1
DA:122,1
DA:123,0
DA:124,0
DA:125,0
DA:126,0
DA:127,0
DA:128,0
DA:129,1
DA:130,1
DA:131,1
DA:132,1
DA:133,1
DA:134,1
DA:135,1
DA:136,1
DA:137,1
DA:138,1
DA:139,1
DA:140,1
DA:141,1
DA:142,1
DA:143,0
DA:144,0
DA:145,0
DA:146,0
DA:147,0
DA:148,0
DA:149,0
DA:150,0
DA:151,0
DA:152,0
DA:153,0
DA:154,0
DA:155,0
DA:156,0
DA:157,0
DA:158,0
DA:159,1
DA:160,1
DA:161,1
DA:162,1
DA:163,1
DA:164,1
DA:165,1
DA:166,0
DA:167,0
DA:168,0
DA:169,0
DA:170,0
DA:171,0
DA:172,0
DA:173,0
DA:174,0
DA:175,0
DA:176,0
DA:177,0
DA:178,0
DA:179,0
DA:180,0
DA:181,0
DA:182,1
DA:183,1
DA:184,0
DA:185,0
DA:186,0
DA:187,0
DA:188,0
DA:189,0
DA:190,0
DA:191,0
DA:192,0
DA:193,0
DA:194,0
DA:195,0
DA:196,1
DA:197,1
DA:198,0
DA:199,0
DA:200,0
DA:201,0
DA:202,0
DA:203,0
DA:204,0
DA:205,0
DA:206,0
DA:207,0
DA:208,0
DA:209,0
DA:210,1
DA:211,1
DA:212,1
DA:213,1
DA:214,0
DA:215,0
DA:216,0
DA:217,0
DA:218,0
DA:219,1
DA:220,1
DA:221,0
DA:222,0
DA:223,0
DA:224,0
DA:225,0
DA:226,0
DA:227,0
DA:228,0
DA:229,1
DA:230,1
DA:231,0
DA:232,0
DA:233,0
DA:234,0
DA:235,0
DA:236,0
DA:237,0
DA:238,0
DA:239,0
DA:240,0
DA:241,0
DA:242,0
DA:243,0
LF:243
LH:81
BRF:0
BRH:0
end_of_record
TN:
SF:src\utils\cookie.ts
FN:1,getCookie
FN:13,setCookie
FN:45,deleteCookie
FNF:3
FNH:0
FNDA:0,getCookie
FNDA:0,setCookie
FNDA:0,deleteCookie
DA:1,0
DA:2,0
DA:3,0
DA:4,0
DA:5,0
DA:6,0
DA:7,0
DA:8,0
DA:9,0
DA:10,0
DA:11,0
DA:12,1
DA:13,0
DA:14,0
DA:15,0
DA:16,0
DA:17,0
DA:18,0
DA:19,0
DA:20,0
DA:21,0
DA:22,0
DA:23,0
DA:24,0
DA:25,0
DA:26,0
DA:27,0
DA:28,0
DA:29,0
DA:30,0
DA:31,0
DA:32,0
DA:33,0
DA:34,0
DA:35,0
DA:36,0
DA:37,0
DA:38,0
DA:39,0
DA:40,0
DA:41,0
DA:42,0
DA:43,0
DA:44,1
DA:45,0
DA:46,0
DA:47,0
LF:47
LH:2
BRF:0
BRH:0
end_of_record
